
> blog@0.0.0 start E:\guagua\2018\F2E\oneSecondTemplates
> node ./bin/www


> blog@0.0.0 start E:\guagua\2018\F2E\oneSecondTemplates
> node ./bin/www


> blog@0.0.0 start E:\guagua\2018\F2E\oneSecondTemplates
> node ./bin/www

Port 3000 is already in use

npm ERR! Windows_NT 6.1.7601
npm ERR! argv "C:\\Program Files\\nodejs\\node.exe" "C:\\Users\\zoe\\AppData\\Roaming\\npm\\node_modules\\npm\\bin\\npm-cli.js" "start"
npm ERR! node v6.10.3
npm ERR! npm  v3.10.10
npm ERR! code ELIFECYCLE
npm ERR! blog@0.0.0 start: `node ./bin/www`
npm ERR! Exit status 1
npm ERR! 
npm ERR! Failed at the blog@0.0.0 start script 'node ./bin/www'.
npm ERR! Make sure you have the latest version of node.js and npm installed.
npm ERR! If you do, this is most likely a problem with the blog package,
npm ERR! not with npm itself.
npm ERR! Tell the author that this fails on your system:
npm ERR!     node ./bin/www
npm ERR! You can get information on how to open an issue for this project with:
npm ERR!     npm bugs blog
npm ERR! Or if that isn't available, you can get their info via:
npm ERR!     npm owner ls blog
npm ERR! There is likely additional logging output above.

npm ERR! Please include the following file with any support request:
npm ERR!     E:\guagua\2018\F2E\oneSecondTemplates\npm-debug.log

> blog@0.0.0 start E:\guagua\2018\F2E\oneSecondTemplates
> node ./bin/www

